{"C:\\Users\\usuario\\Documents\\APS PRODUCTOS\\src\\schemas\\producto.schemas.ts": {"path":"C:\\Users\\usuario\\Documents\\APS PRODUCTOS\\src\\schemas\\producto.schemas.ts","statementMap":{"0":{"start":{"line":1,"column":0},"end":{"line":1,"column":24}},"1":{"start":{"line":2,"column":0},"end":{"line":2,"column":63}},"2":{"start":{"line":5,"column":22},"end":{"line":5,"column":50}},"3":{"start":{"line":7,"column":13},"end":{"line":21,"column":3}},"4":{"start":{"line":11,"column":11},"end":{"line":11,"column":45}},"5":{"start":{"line":23,"column":13},"end":{"line":23,"column":70}}},"fnMap":{"0":{"name":"(anonymous_0)","decl":{"start":{"line":11,"column":4},"end":{"line":11,"column":7}},"loc":{"start":{"line":11,"column":11},"end":{"line":11,"column":45}}}},"branchMap":{},"s":{"0":1,"1":1,"2":1,"3":1,"4":5,"5":1},"f":{"0":5},"b":{}}
,"C:\\Users\\usuario\\Documents\\APS PRODUCTOS\\src\\types\\producto.types.ts": {"path":"C:\\Users\\usuario\\Documents\\APS PRODUCTOS\\src\\types\\producto.types.ts","statementMap":{"0":{"start":{"line":2,"column":13},"end":{"line":10,"column":11}}},"fnMap":{},"branchMap":{},"s":{"0":1},"f":{},"b":{}}
}
